Performing C SOURCE FILE Test CMAKE_HAVE_LIBC_PTHREAD failed with the following output:
Change Dir: /home/mingli/Documents/SEAL/native/examples/PolyPSI/build/CMakeFiles/CMakeTmp

Run Build Command(s):/usr/bin/make cmTC_26cde/fast && /usr/bin/make -f CMakeFiles/cmTC_26cde.dir/build.make CMakeFiles/cmTC_26cde.dir/build
make[1]: Entering directory '/home/mingli/Documents/SEAL/native/examples/PolyPSI/build/CMakeFiles/CMakeTmp'
Building C object CMakeFiles/cmTC_26cde.dir/src.c.o
/usr/bin/cc   -DCMAKE_HAVE_LIBC_PTHREAD   -o CMakeFiles/cmTC_26cde.dir/src.c.o   -c /home/mingli/Documents/SEAL/native/examples/PolyPSI/build/CMakeFiles/CMakeTmp/src.c
Linking C executable cmTC_26cde
/usr/bin/cmake -E cmake_link_script CMakeFiles/cmTC_26cde.dir/link.txt --verbose=1
/usr/bin/cc  -DCMAKE_HAVE_LIBC_PTHREAD    CMakeFiles/cmTC_26cde.dir/src.c.o  -o cmTC_26cde 
/usr/bin/ld: CMakeFiles/cmTC_26cde.dir/src.c.o: in function `main':
src.c:(.text+0x46): undefined reference to `pthread_create'
/usr/bin/ld: src.c:(.text+0x52): undefined reference to `pthread_detach'
/usr/bin/ld: src.c:(.text+0x63): undefined reference to `pthread_join'
collect2: error: ld returned 1 exit status
make[1]: *** [CMakeFiles/cmTC_26cde.dir/build.make:87: cmTC_26cde] Error 1
make[1]: Leaving directory '/home/mingli/Documents/SEAL/native/examples/PolyPSI/build/CMakeFiles/CMakeTmp'
make: *** [Makefile:121: cmTC_26cde/fast] Error 2


Source file was:
#include <pthread.h>

void* test_func(void* data)
{
  return data;
}

int main(void)
{
  pthread_t thread;
  pthread_create(&thread, NULL, test_func, NULL);
  pthread_detach(thread);
  pthread_join(thread, NULL);
  pthread_atfork(NULL, NULL, NULL);
  pthread_exit(NULL);

  return 0;
}

Performing C SOURCE FILE Test CMAKE_HAVE_LIBC_PTHREAD failed with the following output:
Change Dir: /home/mingli/Documents/SEAL/native/examples/PolyPSI/build/CMakeFiles/CMakeTmp

Run Build Command(s):/usr/bin/make cmTC_92f12/fast && make[1]: Entering directory '/home/mingli/Documents/SEAL/native/examples/PolyPSI/build/CMakeFiles/CMakeTmp'
/usr/bin/make -f CMakeFiles/cmTC_92f12.dir/build.make CMakeFiles/cmTC_92f12.dir/build
make[2]: Entering directory '/home/mingli/Documents/SEAL/native/examples/PolyPSI/build/CMakeFiles/CMakeTmp'
Building C object CMakeFiles/cmTC_92f12.dir/src.c.o
/usr/bin/cc   -DCMAKE_HAVE_LIBC_PTHREAD   -o CMakeFiles/cmTC_92f12.dir/src.c.o   -c /home/mingli/Documents/SEAL/native/examples/PolyPSI/build/CMakeFiles/CMakeTmp/src.c
Linking C executable cmTC_92f12
/usr/bin/cmake -E cmake_link_script CMakeFiles/cmTC_92f12.dir/link.txt --verbose=1
/usr/bin/cc  -DCMAKE_HAVE_LIBC_PTHREAD    CMakeFiles/cmTC_92f12.dir/src.c.o  -o cmTC_92f12 
/usr/bin/ld: CMakeFiles/cmTC_92f12.dir/src.c.o: in function `main':
src.c:(.text+0x46): undefined reference to `pthread_create'
/usr/bin/ld: src.c:(.text+0x52): undefined reference to `pthread_detach'
/usr/bin/ld: src.c:(.text+0x63): undefined reference to `pthread_join'
collect2: error: ld returned 1 exit status
make[2]: *** [CMakeFiles/cmTC_92f12.dir/build.make:87: cmTC_92f12] Error 1
make[2]: Leaving directory '/home/mingli/Documents/SEAL/native/examples/PolyPSI/build/CMakeFiles/CMakeTmp'
make[1]: *** [Makefile:121: cmTC_92f12/fast] Error 2
make[1]: Leaving directory '/home/mingli/Documents/SEAL/native/examples/PolyPSI/build/CMakeFiles/CMakeTmp'


Source file was:
#include <pthread.h>

void* test_func(void* data)
{
  return data;
}

int main(void)
{
  pthread_t thread;
  pthread_create(&thread, NULL, test_func, NULL);
  pthread_detach(thread);
  pthread_join(thread, NULL);
  pthread_atfork(NULL, NULL, NULL);
  pthread_exit(NULL);

  return 0;
}

Performing C SOURCE FILE Test CMAKE_HAVE_LIBC_PTHREAD failed with the following output:
Change Dir: /home/postgrad/19/mlwu/mili/SEAL/native/examples/PolyPSI/build/CMakeFiles/CMakeTmp

Run Build Command(s):/usr/bin/make -f Makefile cmTC_93df2/fast && /usr/bin/make  -f CMakeFiles/cmTC_93df2.dir/build.make CMakeFiles/cmTC_93df2.dir/build
make[1]: Entering directory '/home/postgrad/19/mlwu/mili/SEAL/native/examples/PolyPSI/build/CMakeFiles/CMakeTmp'
Building C object CMakeFiles/cmTC_93df2.dir/src.c.o
/usr/bin/cc -DCMAKE_HAVE_LIBC_PTHREAD   -o CMakeFiles/cmTC_93df2.dir/src.c.o -c /home/postgrad/19/mlwu/mili/SEAL/native/examples/PolyPSI/build/CMakeFiles/CMakeTmp/src.c
Linking C executable cmTC_93df2
/usr/bin/cmake -E cmake_link_script CMakeFiles/cmTC_93df2.dir/link.txt --verbose=1
/usr/bin/cc CMakeFiles/cmTC_93df2.dir/src.c.o -o cmTC_93df2 
CMakeFiles/cmTC_93df2.dir/src.c.o: In function `main':
src.c:(.text+0x3e): undefined reference to `pthread_create'
src.c:(.text+0x4a): undefined reference to `pthread_detach'
src.c:(.text+0x56): undefined reference to `pthread_cancel'
src.c:(.text+0x67): undefined reference to `pthread_join'
src.c:(.text+0x7b): undefined reference to `pthread_atfork'
collect2: error: ld returned 1 exit status
CMakeFiles/cmTC_93df2.dir/build.make:98: recipe for target 'cmTC_93df2' failed
make[1]: *** [cmTC_93df2] Error 1
make[1]: Leaving directory '/home/postgrad/19/mlwu/mili/SEAL/native/examples/PolyPSI/build/CMakeFiles/CMakeTmp'
Makefile:127: recipe for target 'cmTC_93df2/fast' failed
make: *** [cmTC_93df2/fast] Error 2


Source file was:
#include <pthread.h>

static void* test_func(void* data)
{
  return data;
}

int main(void)
{
  pthread_t thread;
  pthread_create(&thread, NULL, test_func, NULL);
  pthread_detach(thread);
  pthread_cancel(thread);
  pthread_join(thread, NULL);
  pthread_atfork(NULL, NULL, NULL);
  pthread_exit(NULL);

  return 0;
}

Performing C SOURCE FILE Test CMAKE_HAVE_LIBC_PTHREAD failed with the following output:
Change Dir: /home/mingli/Desktop/PolyPSI/build/CMakeFiles/CMakeTmp

Run Build Command(s):/usr/bin/make cmTC_7f888/fast && /usr/bin/make -f CMakeFiles/cmTC_7f888.dir/build.make CMakeFiles/cmTC_7f888.dir/build
make[1]: Entering directory '/home/mingli/Desktop/PolyPSI/build/CMakeFiles/CMakeTmp'
Building C object CMakeFiles/cmTC_7f888.dir/src.c.o
/usr/bin/cc   -DCMAKE_HAVE_LIBC_PTHREAD   -o CMakeFiles/cmTC_7f888.dir/src.c.o   -c /home/mingli/Desktop/PolyPSI/build/CMakeFiles/CMakeTmp/src.c
Linking C executable cmTC_7f888
/usr/bin/cmake -E cmake_link_script CMakeFiles/cmTC_7f888.dir/link.txt --verbose=1
/usr/bin/cc  -DCMAKE_HAVE_LIBC_PTHREAD    CMakeFiles/cmTC_7f888.dir/src.c.o  -o cmTC_7f888 
/usr/bin/ld: CMakeFiles/cmTC_7f888.dir/src.c.o: in function `main':
src.c:(.text+0x46): undefined reference to `pthread_create'
/usr/bin/ld: src.c:(.text+0x52): undefined reference to `pthread_detach'
/usr/bin/ld: src.c:(.text+0x63): undefined reference to `pthread_join'
collect2: error: ld returned 1 exit status
make[1]: *** [CMakeFiles/cmTC_7f888.dir/build.make:87: cmTC_7f888] Error 1
make[1]: Leaving directory '/home/mingli/Desktop/PolyPSI/build/CMakeFiles/CMakeTmp'
make: *** [Makefile:121: cmTC_7f888/fast] Error 2


Source file was:
#include <pthread.h>

void* test_func(void* data)
{
  return data;
}

int main(void)
{
  pthread_t thread;
  pthread_create(&thread, NULL, test_func, NULL);
  pthread_detach(thread);
  pthread_join(thread, NULL);
  pthread_atfork(NULL, NULL, NULL);
  pthread_exit(NULL);

  return 0;
}

